/home/edavis/Work/PolyhedralDataflowIR/cg_par: format=coo,niter=500,x=0.000000,nprocs=20,nruns=9,exec-time=2.833798,insp-time=0.000000,size=144535248,matrix='/home/edavis/Work/VarDevEddie/themes/Solver/matrices/af_shell3/af_shell3.mtx'
/home/edavis/Work/PolyhedralDataflowIR/cg_par: format=csr,niter=500,x=0.000000,nprocs=20,nruns=9,exec-time=2.079911,insp-time=0.012447,size=110420860,matrix='/home/edavis/Work/VarDevEddie/themes/Solver/matrices/af_shell3/af_shell3.mtx'
/home/edavis/Work/PolyhedralDataflowIR/cg_par: format=dsr,niter=500,x=0.000000,nprocs=20,nruns=9,exec-time=2.160520,insp-time=0.014829,size=112440280,matrix='/home/edavis/Work/VarDevEddie/themes/Solver/matrices/af_shell3/af_shell3.mtx'
/home/edavis/Work/PolyhedralDataflowIR/cg_par: format=ell,niter=500,x=0.000000,nprocs=20,nruns=9,exec-time=3.585823,insp-time=0.088679,size=218097364,matrix='/home/edavis/Work/VarDevEddie/themes/Solver/matrices/af_shell3/af_shell3.mtx'
/home/edavis/Work/PolyhedralDataflowIR/cg_par: format=dia,niter=500,x=0.000000,nprocs=20,nruns=9,exec-time=114.443614,insp-time=0.150826,size=1322395904,matrix='/home/edavis/Work/VarDevEddie/themes/Solver/matrices/af_shell3/af_shell3.mtx'
/home/edavis/Work/PolyhedralDataflowIR/cg_par: format=csb,niter=500,x=0.000000,nprocs=20,nruns=9,exec-time=1.780448,insp-time=0.781323,size=90727750,matrix='/home/edavis/Work/VarDevEddie/themes/Solver/matrices/af_shell3/af_shell3.mtx',bs=64
/home/edavis/Work/PolyhedralDataflowIR/cg_par: format=csb,niter=500,x=0.000000,nprocs=20,nruns=9,exec-time=1.737454,insp-time=0.625470,size=90529774,matrix='/home/edavis/Work/VarDevEddie/themes/Solver/matrices/af_shell3/af_shell3.mtx',bs=128
/home/edavis/Work/PolyhedralDataflowIR/cg_par: format=csb,niter=500,x=0.000000,nprocs=20,nruns=9,exec-time=1.775249,insp-time=0.626810,size=90431998,matrix='/home/edavis/Work/VarDevEddie/themes/Solver/matrices/af_shell3/af_shell3.mtx',bs=256
/home/edavis/Work/PolyhedralDataflowIR/cg_par: format=coo,niter=500,x=0.000000,nprocs=20,nruns=9,exec-time=0.352705,insp-time=0.000000,size=32558672,matrix='/home/edavis/Work/VarDevEddie/themes/Solver/matrices/cant/cant.mtx'
/home/edavis/Work/PolyhedralDataflowIR/cg_par: format=csr,niter=500,x=0.000000,nprocs=20,nruns=9,exec-time=0.163491,insp-time=0.003082,size=24668812,matrix='/home/edavis/Work/VarDevEddie/themes/Solver/matrices/cant/cant.mtx'
/home/edavis/Work/PolyhedralDataflowIR/cg_par: format=dsr,niter=500,x=0.000000,nprocs=20,nruns=9,exec-time=0.169488,insp-time=0.003250,size=24918616,matrix='/home/edavis/Work/VarDevEddie/themes/Solver/matrices/cant/cant.mtx'
/home/edavis/Work/PolyhedralDataflowIR/cg_par: format=ell,niter=500,x=0.000000,nprocs=20,nruns=9,exec-time=0.389559,insp-time=0.017800,size=30725896,matrix='/home/edavis/Work/VarDevEddie/themes/Solver/matrices/cant/cant.mtx'
/home/edavis/Work/PolyhedralDataflowIR/cg_par: format=dia,niter=500,x=0.000000,nprocs=20,nruns=9,exec-time=0.356631,insp-time=0.018055,size=37470604,matrix='/home/edavis/Work/VarDevEddie/themes/Solver/matrices/cant/cant.mtx'
/home/edavis/Work/PolyhedralDataflowIR/cg_par: format=csb,niter=500,x=0.000000,nprocs=20,nruns=9,exec-time=0.186789,insp-time=0.068588,size=20406702,matrix='/home/edavis/Work/VarDevEddie/themes/Solver/matrices/cant/cant.mtx',bs=64
/home/edavis/Work/PolyhedralDataflowIR/cg_par: format=csb,niter=500,x=0.000000,nprocs=20,nruns=9,exec-time=0.193367,insp-time=0.083400,size=20372142,matrix='/home/edavis/Work/VarDevEddie/themes/Solver/matrices/cant/cant.mtx',bs=128
/home/edavis/Work/PolyhedralDataflowIR/cg_par: format=csb,niter=500,x=0.000000,nprocs=20,nruns=9,exec-time=0.207608,insp-time=0.071757,size=20357754,matrix='/home/edavis/Work/VarDevEddie/themes/Solver/matrices/cant/cant.mtx',bs=256
/home/edavis/Work/PolyhedralDataflowIR/cg_par: format=coo,niter=500,x=0.000000,nprocs=20,nruns=9,exec-time=0.651837,insp-time=0.000000,size=48750512,matrix='/home/edavis/Work/VarDevEddie/themes/Solver/matrices/consph/consph.mtx'
/home/edavis/Work/PolyhedralDataflowIR/cg_par: format=csr,niter=500,x=0.000000,nprocs=20,nruns=9,exec-time=0.408503,insp-time=0.004859,size=36896224,matrix='/home/edavis/Work/VarDevEddie/themes/Solver/matrices/consph/consph.mtx'
/home/edavis/Work/PolyhedralDataflowIR/cg_par: format=dsr,niter=500,x=0.000000,nprocs=20,nruns=9,exec-time=0.416347,insp-time=0.004594,size=37229560,matrix='/home/edavis/Work/VarDevEddie/themes/Solver/matrices/consph/consph.mtx'
/home/edavis/Work/PolyhedralDataflowIR/cg_par: format=ell,niter=500,x=0.000000,nprocs=20,nruns=9,exec-time=0.739537,insp-time=0.029361,size=67000540,matrix='/home/edavis/Work/VarDevEddie/themes/Solver/matrices/consph/consph.mtx'
/home/edavis/Work/PolyhedralDataflowIR/cg_par: format=dia,niter=500,x=0.000000,nprocs=20,nruns=9,exec-time=35.062240,insp-time=0.467600,size=2454086700,matrix='/home/edavis/Work/VarDevEddie/themes/Solver/matrices/consph/consph.mtx'
/home/edavis/Work/PolyhedralDataflowIR/cg_par: format=csb,niter=500,x=0.000000,nprocs=20,nruns=9,exec-time=0.429832,insp-time=0.147884,size=30620250,matrix='/home/edavis/Work/VarDevEddie/themes/Solver/matrices/consph/consph.mtx',bs=64
/home/edavis/Work/PolyhedralDataflowIR/cg_par: format=csb,niter=500,x=0.000000,nprocs=20,nruns=9,exec-time=0.460031,insp-time=0.176839,size=30536514,matrix='/home/edavis/Work/VarDevEddie/themes/Solver/matrices/consph/consph.mtx',bs=128
/home/edavis/Work/PolyhedralDataflowIR/cg_par: format=csb,niter=500,x=0.000000,nprocs=20,nruns=9,exec-time=0.529930,insp-time=0.202465,size=30500118,matrix='/home/edavis/Work/VarDevEddie/themes/Solver/matrices/consph/consph.mtx',bs=256
/home/edavis/Work/PolyhedralDataflowIR/cg_par: format=coo,niter=500,x=0.000000,nprocs=20,nruns=9,exec-time=0.931083,insp-time=0.000000,size=33603600,matrix='/home/edavis/Work/VarDevEddie/themes/Solver/matrices/mc2depi/mc2depi.mtx'
/home/edavis/Work/PolyhedralDataflowIR/cg_par: format=csr,niter=500,x=0.000000,nprocs=20,nruns=9,exec-time=0.631252,insp-time=0.003468,size=27306004,matrix='/home/edavis/Work/VarDevEddie/themes/Solver/matrices/mc2depi/mc2depi.mtx'
/home/edavis/Work/PolyhedralDataflowIR/cg_par: format=dsr,niter=500,x=0.000000,nprocs=20,nruns=9,exec-time=0.726285,insp-time=0.004883,size=29409304,matrix='/home/edavis/Work/VarDevEddie/themes/Solver/matrices/mc2depi/mc2depi.mtx'
/home/edavis/Work/PolyhedralDataflowIR/cg_par: format=ell,niter=500,x=0.000000,nprocs=20,nruns=9,exec-time=0.913751,insp-time=0.012718,size=31549504,matrix='/home/edavis/Work/VarDevEddie/themes/Solver/matrices/mc2depi/mc2depi.mtx'
/home/edavis/Work/PolyhedralDataflowIR/cg_par: format=dia,niter=500,x=0.000000,nprocs=20,nruns=9,exec-time=25.690935,insp-time=0.068863,size=557345808,matrix='/home/edavis/Work/VarDevEddie/themes/Solver/matrices/mc2depi/mc2depi.mtx'
/home/edavis/Work/PolyhedralDataflowIR/cg_par: format=csb,niter=500,x=0.000000,nprocs=20,nruns=9,exec-time=0.595296,insp-time=0.808002,size=21492670,matrix='/home/edavis/Work/VarDevEddie/themes/Solver/matrices/mc2depi/mc2depi.mtx',bs=64
/home/edavis/Work/PolyhedralDataflowIR/cg_par: format=csb,niter=500,x=0.000000,nprocs=20,nruns=9,exec-time=0.611420,insp-time=0.557807,size=21244702,matrix='/home/edavis/Work/VarDevEddie/themes/Solver/matrices/mc2depi/mc2depi.mtx',bs=128
/home/edavis/Work/PolyhedralDataflowIR/cg_par: format=csb,niter=500,x=0.000000,nprocs=20,nruns=9,exec-time=0.600420,insp-time=0.629577,size=21117766,matrix='/home/edavis/Work/VarDevEddie/themes/Solver/matrices/mc2depi/mc2depi.mtx',bs=256
/home/edavis/Work/PolyhedralDataflowIR/cg_par: format=coo,niter=500,x=0.000000,nprocs=20,nruns=9,exec-time=0.051835,insp-time=0.000000,size=5845008,matrix='/home/edavis/Work/VarDevEddie/themes/Solver/matrices/Pres_Poisson/Pres_Poisson.mtx'
/home/edavis/Work/PolyhedralDataflowIR/cg_par: format=csr,niter=500,x=0.000000,nprocs=20,nruns=9,exec-time=0.026903,insp-time=0.000540,size=4443048,matrix='/home/edavis/Work/VarDevEddie/themes/Solver/matrices/Pres_Poisson/Pres_Poisson.mtx'
/home/edavis/Work/PolyhedralDataflowIR/cg_par: format=dsr,niter=500,x=0.000000,nprocs=20,nruns=9,exec-time=0.035955,insp-time=0.000631,size=4502336,matrix='/home/edavis/Work/VarDevEddie/themes/Solver/matrices/Pres_Poisson/Pres_Poisson.mtx'
/home/edavis/Work/PolyhedralDataflowIR/cg_par: format=ell,niter=500,x=0.000000,nprocs=20,nruns=9,exec-time=0.133123,insp-time=0.004214,size=9071068,matrix='/home/edavis/Work/VarDevEddie/themes/Solver/matrices/Pres_Poisson/Pres_Poisson.mtx'
/home/edavis/Work/PolyhedralDataflowIR/cg_par: format=dia,niter=500,x=0.000000,nprocs=20,nruns=9,exec-time=5.988104,insp-time=0.141371,size=778688596,matrix='/home/edavis/Work/VarDevEddie/themes/Solver/matrices/Pres_Poisson/Pres_Poisson.mtx'
/home/edavis/Work/PolyhedralDataflowIR/cg_par: format=csb,niter=500,x=0.000000,nprocs=20,nruns=9,exec-time=0.049748,insp-time=0.015333,size=3668902,matrix='/home/edavis/Work/VarDevEddie/themes/Solver/matrices/Pres_Poisson/Pres_Poisson.mtx',bs=64
/home/edavis/Work/PolyhedralDataflowIR/cg_par: format=csb,niter=500,x=0.000000,nprocs=20,nruns=9,exec-time=0.050412,insp-time=0.018978,size=3660346,matrix='/home/edavis/Work/VarDevEddie/themes/Solver/matrices/Pres_Poisson/Pres_Poisson.mtx',bs=128
/home/edavis/Work/PolyhedralDataflowIR/cg_par: format=csb,niter=500,x=0.000000,nprocs=20,nruns=9,exec-time=0.059898,insp-time=0.022254,size=3656374,matrix='/home/edavis/Work/VarDevEddie/themes/Solver/matrices/Pres_Poisson/Pres_Poisson.mtx',bs=256
/home/edavis/Work/PolyhedralDataflowIR/cg_par: format=coo,niter=500,x=0.000000,nprocs=20,nruns=9,exec-time=1.568595,insp-time=0.000000,size=93938800,matrix='/home/edavis/Work/VarDevEddie/themes/Solver/matrices/pwtk/pwtk.mtx'
/home/edavis/Work/PolyhedralDataflowIR/cg_par: format=csr,niter=500,x=0.000000,nprocs=20,nruns=9,exec-time=1.066027,insp-time=0.008571,size=71325776,matrix='/home/edavis/Work/VarDevEddie/themes/Solver/matrices/pwtk/pwtk.mtx'
/home/edavis/Work/PolyhedralDataflowIR/cg_par: format=dsr,niter=500,x=0.000000,nprocs=20,nruns=9,exec-time=1.092241,insp-time=0.009744,size=72197448,matrix='/home/edavis/Work/VarDevEddie/themes/Solver/matrices/pwtk/pwtk.mtx'
/home/edavis/Work/PolyhedralDataflowIR/cg_par: format=ell,niter=500,x=0.000000,nprocs=20,nruns=9,exec-time=2.762171,insp-time=0.057549,size=470702884,matrix='/home/edavis/Work/VarDevEddie/themes/Solver/matrices/pwtk/pwtk.mtx'
/home/edavis/Work/PolyhedralDataflowIR/cg_par: format=dia,niter=500,x=0.000000,nprocs=20,nruns=9,exec-time=133.627027,insp-time=0.647534,size=4110480068,matrix='/home/edavis/Work/VarDevEddie/themes/Solver/matrices/pwtk/pwtk.mtx'
/home/edavis/Work/PolyhedralDataflowIR/cg_par: format=csb,niter=500,x=0.000000,nprocs=20,nruns=9,exec-time=0.917807,insp-time=0.282971,size=58895834,matrix='/home/edavis/Work/VarDevEddie/themes/Solver/matrices/pwtk/pwtk.mtx',bs=64
/home/edavis/Work/PolyhedralDataflowIR/cg_par: format=csb,niter=500,x=0.000000,nprocs=20,nruns=9,exec-time=0.912797,insp-time=0.301346,size=58807538,matrix='/home/edavis/Work/VarDevEddie/themes/Solver/matrices/pwtk/pwtk.mtx',bs=128
/home/edavis/Work/PolyhedralDataflowIR/cg_par: format=csb,niter=500,x=0.000000,nprocs=20,nruns=9,exec-time=0.913377,insp-time=0.288922,size=58752410,matrix='/home/edavis/Work/VarDevEddie/themes/Solver/matrices/pwtk/pwtk.mtx',bs=256
/home/edavis/Work/PolyhedralDataflowIR/cg_par: format=coo,niter=500,x=0.000000,nprocs=20,nruns=9,exec-time=0.401838,insp-time=0.000000,size=29672400,matrix='/home/edavis/Work/VarDevEddie/themes/Solver/matrices/shipsec1/shipsec1.mtx'
/home/edavis/Work/PolyhedralDataflowIR/cg_par: format=csr,niter=500,x=0.000000,nprocs=20,nruns=9,exec-time=0.206559,insp-time=0.002613,size=22817800,matrix='/home/edavis/Work/VarDevEddie/themes/Solver/matrices/shipsec1/shipsec1.mtx'
/home/edavis/Work/PolyhedralDataflowIR/cg_par: format=dsr,niter=500,x=0.000000,nprocs=20,nruns=9,exec-time=0.223644,insp-time=0.004216,size=23381296,matrix='/home/edavis/Work/VarDevEddie/themes/Solver/matrices/shipsec1/shipsec1.mtx'
/home/edavis/Work/PolyhedralDataflowIR/cg_par: format=ell,niter=500,x=0.000000,nprocs=20,nruns=9,exec-time=1.032383,insp-time=0.028755,size=84524404,matrix='/home/edavis/Work/VarDevEddie/themes/Solver/matrices/shipsec1/shipsec1.mtx'
/home/edavis/Work/PolyhedralDataflowIR/cg_par: format=dia,niter=500,x=0.000000,nprocs=20,nruns=9,exec-time=50.043294,insp-time=0.503660,size=254698628,matrix='/home/edavis/Work/VarDevEddie/themes/Solver/matrices/shipsec1/shipsec1.mtx'
/home/edavis/Work/PolyhedralDataflowIR/cg_par: format=csb,niter=500,x=0.000000,nprocs=20,nruns=9,exec-time=0.253310,insp-time=0.204544,size=18779410,matrix='/home/edavis/Work/VarDevEddie/themes/Solver/matrices/shipsec1/shipsec1.mtx',bs=64
/home/edavis/Work/PolyhedralDataflowIR/cg_par: format=csb,niter=500,x=0.000000,nprocs=20,nruns=9,exec-time=0.263862,insp-time=0.250122,size=18656458,matrix='/home/edavis/Work/VarDevEddie/themes/Solver/matrices/shipsec1/shipsec1.mtx',bs=128
/home/edavis/Work/PolyhedralDataflowIR/cg_par: format=csb,niter=500,x=0.000000,nprocs=20,nruns=9,exec-time=0.271344,insp-time=0.288336,size=18595762,matrix='/home/edavis/Work/VarDevEddie/themes/Solver/matrices/shipsec1/shipsec1.mtx',bs=256
/home/edavis/Work/PolyhedralDataflowIR/cg_par: format=coo,niter=500,x=0.000000,nprocs=20,nruns=9,exec-time=0.299228,insp-time=0.000000,size=20374224,matrix='/home/edavis/Work/VarDevEddie/themes/Solver/matrices/mac_econ_fwd500/mac_econ_fwd500.mtx'
/home/edavis/Work/PolyhedralDataflowIR/cg_par: format=csr,niter=500,x=0.000000,nprocs=20,nruns=9,exec-time=0.134646,insp-time=0.001984,size=16106672,matrix='/home/edavis/Work/VarDevEddie/themes/Solver/matrices/mac_econ_fwd500/mac_econ_fwd500.mtx'
/home/edavis/Work/PolyhedralDataflowIR/cg_par: format=dsr,niter=500,x=0.000000,nprocs=20,nruns=9,exec-time=0.150512,insp-time=0.002522,size=16932672,matrix='/home/edavis/Work/VarDevEddie/themes/Solver/matrices/mac_econ_fwd500/mac_econ_fwd500.mtx'
/home/edavis/Work/PolyhedralDataflowIR/cg_par: format=ell,niter=500,x=0.000000,nprocs=20,nruns=9,exec-time=1.929234,insp-time=0.043407,size=111510004,matrix='/home/edavis/Work/VarDevEddie/themes/Solver/matrices/mac_econ_fwd500/mac_econ_fwd500.mtx'
/home/edavis/Work/PolyhedralDataflowIR/cg_par: format=dia,niter=500,x=0.000000,nprocs=20,nruns=9,exec-time=14.271295,insp-time=0.308739,size=1266258004,matrix='/home/edavis/Work/VarDevEddie/themes/Solver/matrices/mac_econ_fwd500/mac_econ_fwd500.mtx'
/home/edavis/Work/PolyhedralDataflowIR/cg_par: format=csb,niter=500,x=0.000000,nprocs=20,nruns=9,exec-time=0.161562,insp-time=0.551232,size=13497778,matrix='/home/edavis/Work/VarDevEddie/themes/Solver/matrices/mac_econ_fwd500/mac_econ_fwd500.mtx',bs=64
/home/edavis/Work/PolyhedralDataflowIR/cg_par: format=csb,niter=500,x=0.000000,nprocs=20,nruns=9,exec-time=0.149758,insp-time=0.682840,size=13089634,matrix='/home/edavis/Work/VarDevEddie/themes/Solver/matrices/mac_econ_fwd500/mac_econ_fwd500.mtx',bs=128
/home/edavis/Work/PolyhedralDataflowIR/cg_par: format=csb,niter=500,x=0.000000,nprocs=20,nruns=9,exec-time=0.148490,insp-time=0.721443,size=12869722,matrix='/home/edavis/Work/VarDevEddie/themes/Solver/matrices/mac_econ_fwd500/mac_econ_fwd500.mtx',bs=256
/home/edavis/Work/PolyhedralDataflowIR/cg_par: format=coo,niter=500,x=0.000000,nprocs=20,nruns=9,exec-time=0.289691,insp-time=0.000000,size=21793392,matrix='/home/edavis/Work/VarDevEddie/themes/Solver/matrices/cop20k_A/cop20k_A.mtx'
/home/edavis/Work/PolyhedralDataflowIR/cg_par: format=csr,niter=500,x=0.000000,nprocs=20,nruns=9,exec-time=0.242811,insp-time=0.001930,size=16829816,matrix='/home/edavis/Work/VarDevEddie/themes/Solver/matrices/cop20k_A/cop20k_A.mtx'
/home/edavis/Work/PolyhedralDataflowIR/cg_par: format=dsr,niter=500,x=0.000000,nprocs=20,nruns=9,exec-time=0.223540,insp-time=0.002819,size=17143792,matrix='/home/edavis/Work/VarDevEddie/themes/Solver/matrices/cop20k_A/cop20k_A.mtx'
/home/edavis/Work/PolyhedralDataflowIR/cg_par: format=ell,niter=500,x=0.000000,nprocs=20,nruns=9,exec-time=0.488685,insp-time=0.014207,size=36357604,matrix='/home/edavis/Work/VarDevEddie/themes/Solver/matrices/cop20k_A/cop20k_A.mtx'
/home/edavis/Work/PolyhedralDataflowIR/cg_par: format=dia,niter=500,x=0.000000,nprocs=20,nruns=9,exec-time=688.146284,insp-time=7.571201,size=1936595364,matrix='/home/edavis/Work/VarDevEddie/themes/Solver/matrices/cop20k_A/cop20k_A.mtx'
/home/edavis/Work/PolyhedralDataflowIR/cg_par: format=csb,niter=500,x=0.000000,nprocs=20,nruns=9,exec-time=0.307332,insp-time=1.043928,size=15223558,matrix='/home/edavis/Work/VarDevEddie/themes/Solver/matrices/cop20k_A/cop20k_A.mtx',bs=64
/home/edavis/Work/PolyhedralDataflowIR/cg_par: format=csb,niter=500,x=0.000000,nprocs=20,nruns=9,exec-time=0.271482,insp-time=2.036782,size=14710402,matrix='/home/edavis/Work/VarDevEddie/themes/Solver/matrices/cop20k_A/cop20k_A.mtx',bs=128
/home/edavis/Work/PolyhedralDataflowIR/cg_par: format=csb,niter=500,x=0.000000,nprocs=20,nruns=9,exec-time=0.242502,insp-time=3.088575,size=14187922,matrix='/home/edavis/Work/VarDevEddie/themes/Solver/matrices/cop20k_A/cop20k_A.mtx',bs=256
/home/edavis/Work/PolyhedralDataflowIR/cg_par: format=coo,niter=500,x=0.000000,nprocs=20,nruns=9,exec-time=0.410221,insp-time=0.000000,size=37265472,matrix='/home/edavis/Work/VarDevEddie/themes/Solver/matrices/rma10/rma10.mtx'
/home/edavis/Work/PolyhedralDataflowIR/cg_par: format=csr,niter=500,x=0.000000,nprocs=20,nruns=9,exec-time=0.247941,insp-time=0.003796,size=28136448,matrix='/home/edavis/Work/VarDevEddie/themes/Solver/matrices/rma10/rma10.mtx'
/home/edavis/Work/PolyhedralDataflowIR/cg_par: format=dsr,niter=500,x=0.000000,nprocs=20,nruns=9,exec-time=0.249877,insp-time=0.003449,size=28323788,matrix='/home/edavis/Work/VarDevEddie/themes/Solver/matrices/rma10/rma10.mtx'
/home/edavis/Work/PolyhedralDataflowIR/cg_par: format=ell,niter=500,x=0.000000,nprocs=20,nruns=9,exec-time=0.799971,insp-time=0.029677,size=82054924,matrix='/home/edavis/Work/VarDevEddie/themes/Solver/matrices/rma10/rma10.mtx'
/home/edavis/Work/PolyhedralDataflowIR/cg_par: format=dia,niter=500,x=0.000000,nprocs=20,nruns=9,exec-time=52.061601,insp-time=1.127532,size=1170666752,matrix='/home/edavis/Work/VarDevEddie/themes/Solver/matrices/rma10/rma10.mtx'
/home/edavis/Work/PolyhedralDataflowIR/cg_par: format=csb,niter=500,x=0.000000,nprocs=20,nruns=9,exec-time=0.262569,insp-time=0.097471,size=23379964,matrix='/home/edavis/Work/VarDevEddie/themes/Solver/matrices/rma10/rma10.mtx',bs=64
/home/edavis/Work/PolyhedralDataflowIR/cg_par: format=csb,niter=500,x=0.000000,nprocs=20,nruns=9,exec-time=0.301802,insp-time=0.113398,size=23327404,matrix='/home/edavis/Work/VarDevEddie/themes/Solver/matrices/rma10/rma10.mtx',bs=128
/home/edavis/Work/PolyhedralDataflowIR/cg_par: format=csb,niter=500,x=0.000000,nprocs=20,nruns=9,exec-time=0.317482,insp-time=0.118588,size=23305888,matrix='/home/edavis/Work/VarDevEddie/themes/Solver/matrices/rma10/rma10.mtx',bs=256
/home/edavis/Work/PolyhedralDataflowIR/cg_par: format=coo,niter=500,x=0.000000,nprocs=20,nruns=9,exec-time=0.358225,insp-time=0.000000,size=35049456,matrix='/home/edavis/Work/VarDevEddie/themes/Solver/matrices/pdb1HYS/pdb1HYS.mtx'
/home/edavis/Work/PolyhedralDataflowIR/cg_par: format=csr,niter=500,x=0.000000,nprocs=20,nruns=9,exec-time=0.195861,insp-time=0.003641,size=26432764,matrix='/home/edavis/Work/VarDevEddie/themes/Solver/matrices/pdb1HYS/pdb1HYS.mtx'
/home/edavis/Work/PolyhedralDataflowIR/cg_par: format=dsr,niter=500,x=0.000000,nprocs=20,nruns=9,exec-time=0.201113,insp-time=0.003232,size=26578432,matrix='/home/edavis/Work/VarDevEddie/themes/Solver/matrices/pdb1HYS/pdb1HYS.mtx'
/home/edavis/Work/PolyhedralDataflowIR/cg_par: format=ell,niter=500,x=0.000000,nprocs=20,nruns=9,exec-time=0.854064,insp-time=0.030658,size=80845744,matrix='/home/edavis/Work/VarDevEddie/themes/Solver/matrices/pdb1HYS/pdb1HYS.mtx'
/home/edavis/Work/PolyhedralDataflowIR/cg_par: format=dia,niter=500,x=0.000000,nprocs=20,nruns=9,exec-time=31.474267,insp-time=0.838897,size=1293876864,matrix='/home/edavis/Work/VarDevEddie/themes/Solver/matrices/pdb1HYS/pdb1HYS.mtx'
/home/edavis/Work/PolyhedralDataflowIR/cg_par: format=csb,niter=500,x=0.000000,nprocs=20,nruns=9,exec-time=0.279820,insp-time=0.070629,size=21959338,matrix='/home/edavis/Work/VarDevEddie/themes/Solver/matrices/pdb1HYS/pdb1HYS.mtx',bs=64
/home/edavis/Work/PolyhedralDataflowIR/cg_par: format=csb,niter=500,x=0.000000,nprocs=20,nruns=9,exec-time=0.295847,insp-time=0.083461,size=21929854,matrix='/home/edavis/Work/VarDevEddie/themes/Solver/matrices/pdb1HYS/pdb1HYS.mtx',bs=128
/home/edavis/Work/PolyhedralDataflowIR/cg_par: format=csb,niter=500,x=0.000000,nprocs=20,nruns=9,exec-time=0.309933,insp-time=0.095924,size=21917302,matrix='/home/edavis/Work/VarDevEddie/themes/Solver/matrices/pdb1HYS/pdb1HYS.mtx',bs=256
/home/edavis/Work/PolyhedralDataflowIR/cg_par: format=coo,niter=500,x=0.000000,nprocs=20,nruns=9,exec-time=0.238183,insp-time=0.000000,size=15342976,matrix='/home/edavis/Work/VarDevEddie/themes/Solver/matrices/scircuit/scircuit.mtx'
/home/edavis/Work/PolyhedralDataflowIR/cg_par: format=csr,niter=500,x=0.000000,nprocs=20,nruns=9,exec-time=0.174013,insp-time=0.001562,size=12191228,matrix='/home/edavis/Work/VarDevEddie/themes/Solver/matrices/scircuit/scircuit.mtx'
/home/edavis/Work/PolyhedralDataflowIR/cg_par: format=dsr,niter=500,x=0.000000,nprocs=20,nruns=9,exec-time=0.186060,insp-time=0.002802,size=12875220,matrix='/home/edavis/Work/VarDevEddie/themes/Solver/matrices/scircuit/scircuit.mtx'
/home/edavis/Work/PolyhedralDataflowIR/cg_par: format=ell,niter=500,x=0.000000,nprocs=20,nruns=9,exec-time=4.395300,insp-time=0.034997,size=726399508,matrix='/home/edavis/Work/VarDevEddie/themes/Solver/matrices/scircuit/scircuit.mtx'
./cg_run_all.sh: line 94: 29391 Segmentation fault      (core dumped) /home/edavis/Work/PolyhedralDataflowIR/cg_par /home/edavis/Work/VarDevEddie/themes/Solver/matrices/scircuit/scircuit.mtx 9 dia
/home/edavis/Work/PolyhedralDataflowIR/cg_par: format=csb,niter=500,x=0.000000,nprocs=20,nruns=9,exec-time=0.187516,insp-time=0.630297,size=10392500,matrix='/home/edavis/Work/VarDevEddie/themes/Solver/matrices/scircuit/scircuit.mtx',bs=64
/home/edavis/Work/PolyhedralDataflowIR/cg_par: format=csb,niter=500,x=0.000000,nprocs=20,nruns=9,exec-time=0.171581,insp-time=0.998909,size=10091780,matrix='/home/edavis/Work/VarDevEddie/themes/Solver/matrices/scircuit/scircuit.mtx',bs=128
/home/edavis/Work/PolyhedralDataflowIR/cg_par: format=csb,niter=500,x=0.000000,nprocs=20,nruns=9,exec-time=0.164370,insp-time=1.696423,size=9893732,matrix='/home/edavis/Work/VarDevEddie/themes/Solver/matrices/scircuit/scircuit.mtx',bs=256
/home/edavis/Work/PolyhedralDataflowIR/cg_par: format=coo,niter=500,x=0.000000,nprocs=20,nruns=9,exec-time=0.401791,insp-time=0.000000,size=29672400,matrix='/home/edavis/Work/VarDevEddie/themes/Solver/matrices/shipsec1/shipsec1.mtx'
/home/edavis/Work/PolyhedralDataflowIR/cg_par: format=csr,niter=500,x=0.000000,nprocs=20,nruns=9,exec-time=0.203823,insp-time=0.002584,size=22817800,matrix='/home/edavis/Work/VarDevEddie/themes/Solver/matrices/shipsec1/shipsec1.mtx'
/home/edavis/Work/PolyhedralDataflowIR/cg_par: format=dsr,niter=500,x=0.000000,nprocs=20,nruns=9,exec-time=0.221257,insp-time=0.004010,size=23381296,matrix='/home/edavis/Work/VarDevEddie/themes/Solver/matrices/shipsec1/shipsec1.mtx'
/home/edavis/Work/PolyhedralDataflowIR/cg_par: format=ell,niter=500,x=0.000000,nprocs=20,nruns=9,exec-time=1.050147,insp-time=0.029836,size=84524404,matrix='/home/edavis/Work/VarDevEddie/themes/Solver/matrices/shipsec1/shipsec1.mtx'
/home/edavis/Work/PolyhedralDataflowIR/cg_par: format=dia,niter=500,x=0.000000,nprocs=20,nruns=9,exec-time=50.255740,insp-time=0.527935,size=254698628,matrix='/home/edavis/Work/VarDevEddie/themes/Solver/matrices/shipsec1/shipsec1.mtx'
/home/edavis/Work/PolyhedralDataflowIR/cg_par: format=csb,niter=500,x=0.000000,nprocs=20,nruns=9,exec-time=0.252200,insp-time=0.221079,size=18779410,matrix='/home/edavis/Work/VarDevEddie/themes/Solver/matrices/shipsec1/shipsec1.mtx',bs=64
/home/edavis/Work/PolyhedralDataflowIR/cg_par: format=csb,niter=500,x=0.000000,nprocs=20,nruns=9,exec-time=0.263096,insp-time=0.271615,size=18656458,matrix='/home/edavis/Work/VarDevEddie/themes/Solver/matrices/shipsec1/shipsec1.mtx',bs=128
/home/edavis/Work/PolyhedralDataflowIR/cg_par: format=csb,niter=500,x=0.000000,nprocs=20,nruns=9,exec-time=0.272562,insp-time=0.313048,size=18595762,matrix='/home/edavis/Work/VarDevEddie/themes/Solver/matrices/shipsec1/shipsec1.mtx',bs=256
/home/edavis/Work/PolyhedralDataflowIR/cg_par: format=coo,niter=500,x=0.000000,nprocs=20,nruns=9,exec-time=0.117128,insp-time=0.000000,size=10359920,matrix='/home/edavis/Work/VarDevEddie/themes/Solver/matrices/tomographic1/tomographic1.mtx'
/home/edavis/Work/PolyhedralDataflowIR/cg_par: format=csr,niter=500,x=0.000000,nprocs=20,nruns=9,exec-time=0.104393,insp-time=0.001095,size=8062580,matrix='/home/edavis/Work/VarDevEddie/themes/Solver/matrices/tomographic1/tomographic1.mtx'
/home/edavis/Work/PolyhedralDataflowIR/cg_par: format=dsr,niter=500,x=0.000000,nprocs=20,nruns=9,exec-time=0.092605,insp-time=0.001377,size=8137208,matrix='/home/edavis/Work/VarDevEddie/themes/Solver/matrices/tomographic1/tomographic1.mtx'
/home/edavis/Work/PolyhedralDataflowIR/cg_par: format=ell,niter=500,x=0.000000,nprocs=20,nruns=9,exec-time=1.317296,insp-time=0.025762,size=136642900,matrix='/home/edavis/Work/VarDevEddie/themes/Solver/matrices/tomographic1/tomographic1.mtx'
./cg_run_all.sh: line 110: 29765 Segmentation fault      (core dumped) /home/edavis/Work/PolyhedralDataflowIR/cg_par /home/edavis/Work/VarDevEddie/themes/Solver/matrices/tomographic1/tomographic1.mtx 9 dia
/home/edavis/Work/PolyhedralDataflowIR/cg_par: format=csb,niter=500,x=0.000000,nprocs=20,nruns=9,exec-time=0.133268,insp-time=0.928572,size=7870710,matrix='/home/edavis/Work/VarDevEddie/themes/Solver/matrices/tomographic1/tomographic1.mtx',bs=64
/home/edavis/Work/PolyhedralDataflowIR/cg_par: format=csb,niter=500,x=0.000000,nprocs=20,nruns=9,exec-time=0.120204,insp-time=1.745379,size=7402110,matrix='/home/edavis/Work/VarDevEddie/themes/Solver/matrices/tomographic1/tomographic1.mtx',bs=128
/home/edavis/Work/PolyhedralDataflowIR/cg_par: format=csb,niter=500,x=0.000000,nprocs=20,nruns=9,exec-time=0.101372,insp-time=2.458498,size=6919926,matrix='/home/edavis/Work/VarDevEddie/themes/Solver/matrices/tomographic1/tomographic1.mtx',bs=256
/home/edavis/Work/PolyhedralDataflowIR/cg_par: format=coo,niter=500,x=0.000000,nprocs=20,nruns=9,exec-time=2.222146,insp-time=0.000000,size=49688576,matrix='/home/edavis/Work/VarDevEddie/themes/Solver/matrices/webbase-1M/webbase-1M.mtx'
/home/edavis/Work/PolyhedralDataflowIR/cg_par: format=csr,niter=500,x=0.000000,nprocs=20,nruns=9,exec-time=2.103020,insp-time=0.006643,size=41266456,matrix='/home/edavis/Work/VarDevEddie/themes/Solver/matrices/webbase-1M/webbase-1M.mtx'
/home/edavis/Work/PolyhedralDataflowIR/cg_par: format=dsr,niter=500,x=0.000000,nprocs=20,nruns=9,exec-time=2.328919,insp-time=0.009720,size=45266476,matrix='/home/edavis/Work/VarDevEddie/themes/Solver/matrices/webbase-1M/webbase-1M.mtx'
./cg_run_all.sh: line 117: 29921 Segmentation fault      (core dumped) /home/edavis/Work/PolyhedralDataflowIR/cg_par /home/edavis/Work/VarDevEddie/themes/Solver/matrices/webbase-1M/webbase-1M.mtx 9 ell
./cg_run_all.sh: line 118: 29926 Killed                  /home/edavis/Work/PolyhedralDataflowIR/cg_par /home/edavis/Work/VarDevEddie/themes/Solver/matrices/webbase-1M/webbase-1M.mtx 9 dia
/home/edavis/Work/PolyhedralDataflowIR/cg_par: format=csb,niter=500,x=0.000000,nprocs=20,nruns=9,exec-time=1.793830,insp-time=3.276471,size=33407856,matrix='/home/edavis/Work/VarDevEddie/themes/Solver/matrices/webbase-1M/webbase-1M.mtx',bs=64
/home/edavis/Work/PolyhedralDataflowIR/cg_par: format=csb,niter=500,x=0.000000,nprocs=20,nruns=9,exec-time=1.768052,insp-time=3.833022,size=32873256,matrix='/home/edavis/Work/VarDevEddie/themes/Solver/matrices/webbase-1M/webbase-1M.mtx',bs=128
/home/edavis/Work/PolyhedralDataflowIR/cg_par: format=csb,niter=500,x=0.000000,nprocs=20,nruns=9,exec-time=1.704488,insp-time=7.230646,size=32415180,matrix='/home/edavis/Work/VarDevEddie/themes/Solver/matrices/webbase-1M/webbase-1M.mtx',bs=256
