/home/edavis/Work/pdfl/cg_acc.x: format=coo,niter=500,x=1.831123,nprocs=1,nruns=9,exec-time=1.622728,insp-time=0.000000,size=144535248,bs=1,matrix='/home/edavis/Work/VarDevEddie/themes/Solver/matrices/af_shell3/af_shell3.mtx'
/home/edavis/Work/pdfl/cg_acc.x: format=csr,niter=500,x=0.000077,nprocs=1,nruns=9,exec-time=1.757323,insp-time=0.016587,size=110420860,bs=1,matrix='/home/edavis/Work/VarDevEddie/themes/Solver/matrices/af_shell3/af_shell3.mtx'
Failing in Thread:1
call to cuMemcpyDtoHAsync returned error 700: Illegal address during kernel execution

/home/edavis/Work/pdfl/cg_acc.x: format=ell,niter=500,x=-98313694962.754593,nprocs=1,nruns=9,exec-time=2.200021,insp-time=0.132595,size=218097364,bs=1,matrix='/home/edavis/Work/VarDevEddie/themes/Solver/matrices/af_shell3/af_shell3.mtx'
Failing in Thread:1
call to cuMemcpyDtoHAsync returned error 700: Illegal address during kernel execution

/home/edavis/Work/pdfl/cg_acc.x: format=csb,niter=500,x=0.737167,nprocs=1,nruns=9,exec-time=31.373879,insp-time=6.642732,size=90529774,bs=128,matrix='/home/edavis/Work/VarDevEddie/themes/Solver/matrices/af_shell3/af_shell3.mtx'
/home/edavis/Work/pdfl/cg_acc.x: format=coo,niter=500,x=13.460127,nprocs=1,nruns=9,exec-time=0.386291,insp-time=0.000000,size=32558672,bs=1,matrix='/home/edavis/Work/VarDevEddie/themes/Solver/matrices/cant/cant.mtx'
/home/edavis/Work/pdfl/cg_acc.x: format=csr,niter=500,x=-0.079639,nprocs=1,nruns=9,exec-time=0.550276,insp-time=0.004062,size=24668812,bs=1,matrix='/home/edavis/Work/VarDevEddie/themes/Solver/matrices/cant/cant.mtx'
Failing in Thread:1
call to cuMemcpyDtoHAsync returned error 700: Illegal address during kernel execution

/home/edavis/Work/pdfl/cg_acc.x: format=ell,niter=500,x=-nan,nprocs=1,nruns=9,exec-time=0.384581,insp-time=0.026046,size=30725896,bs=1,matrix='/home/edavis/Work/VarDevEddie/themes/Solver/matrices/cant/cant.mtx'
/home/edavis/Work/pdfl/cg_acc.x: format=dia,niter=500,x=-0.079639,nprocs=1,nruns=9,exec-time=0.340820,insp-time=0.042466,size=37470604,bs=1,matrix='/home/edavis/Work/VarDevEddie/themes/Solver/matrices/cant/cant.mtx'
/home/edavis/Work/pdfl/cg_acc.x: format=csb,niter=500,x=-0.109511,nprocs=1,nruns=9,exec-time=1.491303,insp-time=0.631013,size=20372142,bs=128,matrix='/home/edavis/Work/VarDevEddie/themes/Solver/matrices/cant/cant.mtx'
/home/edavis/Work/pdfl/cg_acc.x: format=coo,niter=500,x=-0.937282,nprocs=1,nruns=9,exec-time=0.526002,insp-time=0.000000,size=48750512,bs=1,matrix='/home/edavis/Work/VarDevEddie/themes/Solver/matrices/consph/consph.mtx'
/home/edavis/Work/pdfl/cg_acc.x: format=csr,niter=500,x=-0.030039,nprocs=1,nruns=9,exec-time=0.771894,insp-time=0.005880,size=36896224,bs=1,matrix='/home/edavis/Work/VarDevEddie/themes/Solver/matrices/consph/consph.mtx'
Failing in Thread:1
call to cuMemcpyDtoHAsync returned error 700: Illegal address during kernel execution

/home/edavis/Work/pdfl/cg_acc.x: format=ell,niter=500,x=-nan,nprocs=1,nruns=9,exec-time=0.683143,insp-time=0.050089,size=67000540,bs=1,matrix='/home/edavis/Work/VarDevEddie/themes/Solver/matrices/consph/consph.mtx'
Failing in Thread:1
call to cuMemcpyDtoHAsync returned error 700: Illegal address during kernel execution

/home/edavis/Work/pdfl/cg_acc.x: format=csb,niter=500,x=-0.037079,nprocs=1,nruns=9,exec-time=4.843078,insp-time=1.292383,size=30536514,bs=128,matrix='/home/edavis/Work/VarDevEddie/themes/Solver/matrices/consph/consph.mtx'
/home/edavis/Work/pdfl/cg_acc.x: format=coo,niter=500,x=-1746.876888,nprocs=1,nruns=9,exec-time=0.845008,insp-time=0.000000,size=33603600,bs=1,matrix='/home/edavis/Work/VarDevEddie/themes/Solver/matrices/mc2depi/mc2depi.mtx'
/home/edavis/Work/pdfl/cg_acc.x: format=csr,niter=500,x=-nan,nprocs=1,nruns=9,exec-time=0.773634,insp-time=0.005032,size=27306004,bs=1,matrix='/home/edavis/Work/VarDevEddie/themes/Solver/matrices/mc2depi/mc2depi.mtx'
Failing in Thread:1
call to cuMemcpyDtoHAsync returned error 700: Illegal address during kernel execution

/home/edavis/Work/pdfl/cg_acc.x: format=ell,niter=500,x=-nan,nprocs=1,nruns=9,exec-time=0.819808,insp-time=0.025269,size=31549504,bs=1,matrix='/home/edavis/Work/VarDevEddie/themes/Solver/matrices/mc2depi/mc2depi.mtx'
Failing in Thread:1
call to cuMemcpyDtoHAsync returned error 700: Illegal address during kernel execution

/home/edavis/Work/pdfl/cg_acc.x: format=csb,niter=500,x=4657.752187,nprocs=1,nruns=9,exec-time=5.237019,insp-time=6.498952,size=21244702,bs=128,matrix='/home/edavis/Work/VarDevEddie/themes/Solver/matrices/mc2depi/mc2depi.mtx'
/home/edavis/Work/pdfl/cg_acc.x: format=coo,niter=500,x=-49740.915359,nprocs=1,nruns=9,exec-time=0.148241,insp-time=0.000000,size=5845008,bs=1,matrix='/home/edavis/Work/VarDevEddie/themes/Solver/matrices/Pres_Poisson/Pres_Poisson.mtx'
/home/edavis/Work/pdfl/cg_acc.x: format=csr,niter=500,x=54.092362,nprocs=1,nruns=9,exec-time=0.171687,insp-time=0.000878,size=4443048,bs=1,matrix='/home/edavis/Work/VarDevEddie/themes/Solver/matrices/Pres_Poisson/Pres_Poisson.mtx'
Failing in Thread:1
call to cuMemcpyDtoHAsync returned error 700: Illegal address during kernel execution

/home/edavis/Work/pdfl/cg_acc.x: format=ell,niter=500,x=-nan,nprocs=1,nruns=9,exec-time=0.171405,insp-time=0.008156,size=9071068,bs=1,matrix='/home/edavis/Work/VarDevEddie/themes/Solver/matrices/Pres_Poisson/Pres_Poisson.mtx'
/home/edavis/Work/pdfl/cg_acc.x: format=dia,niter=500,x=54.092362,nprocs=1,nruns=9,exec-time=3.085031,insp-time=0.859287,size=778688596,bs=1,matrix='/home/edavis/Work/VarDevEddie/themes/Solver/matrices/Pres_Poisson/Pres_Poisson.mtx'
/home/edavis/Work/pdfl/cg_acc.x: format=csb,niter=500,x=114.652327,nprocs=1,nruns=9,exec-time=0.571522,insp-time=0.179589,size=3660346,bs=128,matrix='/home/edavis/Work/VarDevEddie/themes/Solver/matrices/Pres_Poisson/Pres_Poisson.mtx'
/home/edavis/Work/pdfl/cg_acc.x: format=coo,niter=500,x=-0.143476,nprocs=1,nruns=9,exec-time=0.986465,insp-time=0.000000,size=93938800,bs=1,matrix='/home/edavis/Work/VarDevEddie/themes/Solver/matrices/pwtk/pwtk.mtx'
/home/edavis/Work/pdfl/cg_acc.x: format=csr,niter=500,x=0.001703,nprocs=1,nruns=9,exec-time=1.256241,insp-time=0.010267,size=71325776,bs=1,matrix='/home/edavis/Work/VarDevEddie/themes/Solver/matrices/pwtk/pwtk.mtx'
Failing in Thread:1
call to cuMemcpyDtoHAsync returned error 700: Illegal address during kernel execution

/home/edavis/Work/pdfl/cg_acc.x: format=ell,niter=500,x=-1184634822412.577393,nprocs=1,nruns=9,exec-time=3.889369,insp-time=0.221711,size=475932916,bs=1,matrix='/home/edavis/Work/VarDevEddie/themes/Solver/matrices/pwtk/pwtk.mtx'
Failing in Thread:1
call to cuMemcpyDtoHAsync returned error 700: Illegal address during kernel execution

/home/edavis/Work/pdfl/cg_acc.x: format=csb,niter=500,x=0.002269,nprocs=1,nruns=9,exec-time=17.983549,insp-time=2.516882,size=58807538,bs=128,matrix='/home/edavis/Work/VarDevEddie/themes/Solver/matrices/pwtk/pwtk.mtx'
/home/edavis/Work/pdfl/cg_acc.x: format=coo,niter=500,x=1454.021002,nprocs=1,nruns=9,exec-time=0.381139,insp-time=0.000000,size=21793392,bs=1,matrix='/home/edavis/Work/VarDevEddie/themes/Solver/matrices/cop20k_A/cop20k_A.mtx'
/home/edavis/Work/pdfl/cg_acc.x: format=csr,niter=500,x=3.193944,nprocs=1,nruns=9,exec-time=0.425766,insp-time=0.002668,size=16829816,bs=1,matrix='/home/edavis/Work/VarDevEddie/themes/Solver/matrices/cop20k_A/cop20k_A.mtx'
Failing in Thread:1
call to cuMemcpyDtoHAsync returned error 700: Illegal address during kernel execution

/home/edavis/Work/pdfl/cg_acc.x: format=ell,niter=500,x=-nan,nprocs=1,nruns=9,exec-time=0.499357,insp-time=0.027138,size=36357604,bs=1,matrix='/home/edavis/Work/VarDevEddie/themes/Solver/matrices/cop20k_A/cop20k_A.mtx'
/home/edavis/Work/pdfl/scripts/cg_run_gpu.sh: line 75: 27960 Killed                  /home/edavis/Work/pdfl/cg_acc.x /home/edavis/Work/VarDevEddie/themes/Solver/matrices/cop20k_A/cop20k_A.mtx $NRUNS dia
/home/edavis/Work/pdfl/cg_acc.x: format=csb,niter=500,x=-4.649958,nprocs=1,nruns=9,exec-time=0.874119,insp-time=25.855691,size=14710402,bs=128,matrix='/home/edavis/Work/VarDevEddie/themes/Solver/matrices/cop20k_A/cop20k_A.mtx'
/home/edavis/Work/pdfl/cg_acc.x: format=coo,niter=500,x=4.235412,nprocs=1,nruns=9,exec-time=0.400399,insp-time=0.000000,size=37265472,bs=1,matrix='/home/edavis/Work/VarDevEddie/themes/Solver/matrices/rma10/rma10.mtx'
/home/edavis/Work/pdfl/cg_acc.x: format=csr,niter=500,x=-2315.882646,nprocs=1,nruns=9,exec-time=0.689475,insp-time=0.004854,size=28136448,bs=1,matrix='/home/edavis/Work/VarDevEddie/themes/Solver/matrices/rma10/rma10.mtx'
Failing in Thread:1
call to cuMemcpyDtoHAsync returned error 700: Illegal address during kernel execution

/home/edavis/Work/pdfl/cg_acc.x: format=ell,niter=500,x=-nan,nprocs=1,nruns=9,exec-time=0.749086,insp-time=0.051433,size=82054924,bs=1,matrix='/home/edavis/Work/VarDevEddie/themes/Solver/matrices/rma10/rma10.mtx'
Failing in Thread:1
call to cuMemcpyDtoHAsync returned error 700: Illegal address during kernel execution

/home/edavis/Work/pdfl/cg_acc.x: format=csb,niter=500,x=8.478957,nprocs=1,nruns=9,exec-time=2.359322,insp-time=0.751985,size=23327404,bs=128,matrix='/home/edavis/Work/VarDevEddie/themes/Solver/matrices/rma10/rma10.mtx'
/home/edavis/Work/pdfl/cg_acc.x: format=coo,niter=500,x=-895.219928,nprocs=1,nruns=9,exec-time=0.371549,insp-time=0.000000,size=35049456,bs=1,matrix='/home/edavis/Work/VarDevEddie/themes/Solver/matrices/pdb1HYS/pdb1HYS.mtx'
/home/edavis/Work/pdfl/cg_acc.x: format=csr,niter=500,x=-0.008397,nprocs=1,nruns=9,exec-time=0.632766,insp-time=0.004232,size=26432764,bs=1,matrix='/home/edavis/Work/VarDevEddie/themes/Solver/matrices/pdb1HYS/pdb1HYS.mtx'
Failing in Thread:1
call to cuMemcpyDtoHAsync returned error 700: Illegal address during kernel execution

/home/edavis/Work/pdfl/cg_acc.x: format=ell,niter=500,x=-nan,nprocs=1,nruns=9,exec-time=0.720962,insp-time=0.051093,size=80845744,bs=1,matrix='/home/edavis/Work/VarDevEddie/themes/Solver/matrices/pdb1HYS/pdb1HYS.mtx'
Failing in Thread:1
call to cuMemcpyDtoHAsync returned error 700: Illegal address during kernel execution

/home/edavis/Work/pdfl/cg_acc.x: format=csb,niter=500,x=-17.931856,nprocs=1,nruns=9,exec-time=1.697287,insp-time=0.606241,size=21929854,bs=128,matrix='/home/edavis/Work/VarDevEddie/themes/Solver/matrices/pdb1HYS/pdb1HYS.mtx'
/home/edavis/Work/pdfl/cg_acc.x: format=coo,niter=500,x=1672.373802,nprocs=1,nruns=9,exec-time=0.389977,insp-time=0.000000,size=15342976,bs=1,matrix='/home/edavis/Work/VarDevEddie/themes/Solver/matrices/scircuit/scircuit.mtx'
/home/edavis/Work/pdfl/cg_acc.x: format=csr,niter=500,x=-7005.982380,nprocs=1,nruns=9,exec-time=0.382596,insp-time=0.002501,size=12191228,bs=1,matrix='/home/edavis/Work/VarDevEddie/themes/Solver/matrices/scircuit/scircuit.mtx'
Failing in Thread:1
call to cuMemcpyDtoHAsync returned error 700: Illegal address during kernel execution

/home/edavis/Work/pdfl/cg_acc.x: format=ell,niter=500,x=-nan,nprocs=1,nruns=9,exec-time=5.702872,insp-time=0.333395,size=726399508,bs=1,matrix='/home/edavis/Work/VarDevEddie/themes/Solver/matrices/scircuit/scircuit.mtx'
calloc: cuMemsetD8 returns error code 700
/home/edavis/Work/pdfl/scripts/cg_run_gpu.sh: line 102: 28138 Segmentation fault      (core dumped) /home/edavis/Work/pdfl/cg_acc.x /home/edavis/Work/VarDevEddie/themes/Solver/matrices/scircuit/scircuit.mtx $NRUNS dia
/home/edavis/Work/pdfl/cg_acc.x: format=csb,niter=500,x=96321.000653,nprocs=1,nruns=9,exec-time=0.920899,insp-time=11.720353,size=10091780,bs=128,matrix='/home/edavis/Work/VarDevEddie/themes/Solver/matrices/scircuit/scircuit.mtx'
/home/edavis/Work/pdfl/cg_acc.x: format=coo,niter=500,x=-0.000001,nprocs=1,nruns=9,exec-time=0.446416,insp-time=0.000000,size=29672400,bs=1,matrix='/home/edavis/Work/VarDevEddie/themes/Solver/matrices/shipsec1/shipsec1.mtx'
/home/edavis/Work/pdfl/cg_acc.x: format=csr,niter=500,x=0.000000,nprocs=1,nruns=9,exec-time=0.465481,insp-time=0.004004,size=22817800,bs=1,matrix='/home/edavis/Work/VarDevEddie/themes/Solver/matrices/shipsec1/shipsec1.mtx'
/home/edavis/Work/pdfl/cg_acc.x: format=dsr,niter=500,x=-nan,nprocs=1,nruns=9,exec-time=171.737998,insp-time=0.003935,size=23381296,bs=1,matrix='/home/edavis/Work/VarDevEddie/themes/Solver/matrices/shipsec1/shipsec1.mtx'
/home/edavis/Work/pdfl/cg_acc.x: format=ell,niter=500,x=0.153675,nprocs=1,nruns=9,exec-time=0.873157,insp-time=0.053551,size=84524404,bs=1,matrix='/home/edavis/Work/VarDevEddie/themes/Solver/matrices/shipsec1/shipsec1.mtx'
Failing in Thread:1
call to cuMemcpyDtoHAsync returned error 700: Illegal address during kernel execution

/home/edavis/Work/pdfl/cg_acc.x: format=csb,niter=500,x=0.000000,nprocs=1,nruns=9,exec-time=4.130091,insp-time=2.372275,size=18656458,bs=128,matrix='/home/edavis/Work/VarDevEddie/themes/Solver/matrices/shipsec1/shipsec1.mtx'
/home/edavis/Work/pdfl/cg_acc.x: format=coo,niter=500,x=-15031.883865,nprocs=1,nruns=9,exec-time=1.462741,insp-time=0.000000,size=49688576,bs=1,matrix='/home/edavis/Work/VarDevEddie/themes/Solver/matrices/webbase-1M/webbase-1M.mtx'
/home/edavis/Work/pdfl/cg_acc.x: format=csr,niter=500,x=-178117518246.413727,nprocs=1,nruns=9,exec-time=1.511824,insp-time=0.008309,size=41266456,bs=1,matrix='/home/edavis/Work/VarDevEddie/themes/Solver/matrices/webbase-1M/webbase-1M.mtx'
Failing in Thread:1
call to cuMemcpyDtoHAsync returned error 700: Illegal address during kernel execution

/home/edavis/Work/pdfl/scripts/cg_run_gpu.sh: line 128: 28340 Segmentation fault      (core dumped) /home/edavis/Work/pdfl/cg_acc.x /home/edavis/Work/VarDevEddie/themes/Solver/matrices/webbase-1M/webbase-1M.mtx $NRUNS ell
calloc: cuMemsetD8 returns error code 700
