/home/edavis/Work/pdfl/cp_par: format=coo,niter=7,A=0.000001,B=0.000042,C=0.000002,lambda=2453881246187520.000000,order=4,rank=10,nprocs=1,nruns=5,exec-time=4.552544,insp-time=0.000000,size=62032180,tensor=nips
/home/edavis/Work/pdfl/cp_par: format=csf,niter=7,A=0.000001,B=0.000042,C=0.000002,lambda=2453881246187520.000000,order=4,rank=10,nprocs=1,nruns=5,exec-time=4.036039,insp-time=0.050803,size=54830880,tensor=nips
/home/edavis/Work/pdfl/cp_par: format=hicoo,niter=7,A=0.000001,B=0.000042,C=0.000002,lambda=2453881246187520.000000,order=4,rank=10,nprocs=1,nruns=5,exec-time=4.542381,insp-time=0.472717,size=62032180,tensor=nips
/home/edavis/Work/pdfl/cp_par: format=coo,niter=7,A=-0.000000,B=0.000000,C=0.000000,lambda=1008564889976832.000000,order=3,rank=10,nprocs=1,nruns=5,exec-time=518.539206,insp-time=0.000000,size=2297592832,tensor=nell1
/home/edavis/Work/pdfl/cp_par: format=csf,niter=7,A=-0.000000,B=0.000000,C=0.000000,lambda=1008564889976832.000000,order=3,rank=10,nprocs=1,nruns=5,exec-time=514.330770,insp-time=1.638027,size=418125324,tensor=nell1
/home/edavis/Work/PolyhedralDataflowIR/scripts/cp_run.sh: line 33: 29722 Segmentation fault      (core dumped) /home/edavis/Work/pdfl/cp_par $TNS_PATH/nell-1.tns $NRUNS hicoo 7 10 256
/home/edavis/Work/pdfl/cp_par: format=coo,niter=10,A=0.019957,B=-0.000002,C=0.004785,lambda=3309326.000000,order=3,rank=10,nprocs=1,nruns=5,exec-time=117.535430,insp-time=0.000000,size=1230070704
/home/edavis/Work/pdfl/cp_par: format=csf,niter=10,A=0.019957,B=-0.000002,C=0.004785,lambda=3309326.000000,order=3,rank=10,nprocs=1,nruns=5,exec-time=105.788927,insp-time=0.654549,size=4235044644
/home/edavis/Work/PolyhedralDataflowIR/scripts/cp_run.sh: line 39: 29800 Killed                  /home/edavis/Work/pdfl/cp_par $TNS_PATH/nell-2.tns $NRUNS hicoo 10 10 256
/home/edavis/Work/pdfl/cp_par: format=coo,niter=26,A=-nan,B=-nan,C=-nan,lambda=-nan,order=4,rank=10,nprocs=1,nruns=5,exec-time=293.013170,insp-time=0.000000,size=1084041980
/home/edavis/Work/pdfl/cp_par: format=csf,niter=26,A=nan,B=nan,C=nan,lambda=nan,order=4,rank=10,nprocs=1,nruns=5,exec-time=258.125076,insp-time=0.974024,size=1872492012
/home/edavis/Work/PolyhedralDataflowIR/scripts/cp_run.sh: line 45: 29912 Killed                  /home/edavis/Work/pdfl/cp_par $TNS_PATH/enron.tns $NRUNS hicoo 26 10 256
/home/edavis/Work/pdfl/cp_par: format=coo,niter=9,A=0.000000,B=0.000000,C=-0.000000,lambda=inf,order=3,rank=10,nprocs=1,nruns=5,exec-time=393.357612,insp-time=0.000000,size=2242018896
/home/edavis/Work/pdfl/cp_par: format=csf,niter=9,A=0.000000,B=0.000000,C=-0.000000,lambda=inf,order=3,rank=10,nprocs=1,nruns=5,exec-time=386.365140,insp-time=2.006279,size=494853208
/home/edavis/Work/PolyhedralDataflowIR/scripts/cp_run.sh: line 51:  9834 Segmentation fault      (core dumped) /home/edavis/Work/pdfl/cp_par $TNS_PATH/delicious-3d.tns $NRUNS hicoo 9 10 256
/home/edavis/Work/pdfl/cp_par: format=coo,niter=9,A=-0.006394,B=0.003009,C=-0.000000,lambda=12107747956883456.000000,order=5,rank=10,nprocs=1,nruns=5,exec-time=16.011119,insp-time=0.000000,size=151848312
/home/edavis/Work/pdfl/cp_par: format=csf,niter=9,A=-0.029322,B=-0.016083,C=-0.000000,lambda=68376714018816.000000,order=5,rank=10,nprocs=1,nruns=5,exec-time=14.681723,insp-time=0.171119,size=1946601528
malloc(): memory corruption
/home/edavis/Work/PolyhedralDataflowIR/scripts/cp_run.sh: line 55:  9864 Aborted                 (core dumped) /home/edavis/Work/pdfl/cp_par $TNS_PATH/chicago-crime-geo.tns $NRUNS hicoo 9 10 256
/home/edavis/Work/pdfl/cp_par: format=coo,niter=5,A=-0.000000,B=-0.000000,C=-0.000000,lambda=90920935783137280.000000,order=3,rank=10,nprocs=1,nruns=5,exec-time=181.032864,insp-time=0.000000,size=1806244960
/home/edavis/Work/pdfl/cp_par: format=csf,niter=5,A=-0.000000,B=-0.000000,C=-0.000000,lambda=90920935783137280.000000,order=3,rank=10,nprocs=1,nruns=5,exec-time=167.686080,insp-time=1.340461,size=3820423784
/home/edavis/Work/PolyhedralDataflowIR/scripts/cp_run.sh: line 59: 10133 Killed                  /home/edavis/Work/pdfl/cp_par $TNS_PATH/flickr-3d.tns $NRUNS hicoo 5 10 256
/home/edavis/Work/pdfl/cp_par: format=coo,niter=50,A=0.051278,B=0.084687,C=0.000000,lambda=10856532992.000000,order=4,rank=10,nprocs=1,nruns=5,exec-time=32.735842,insp-time=0.000000,size=66189800
/home/edavis/Work/pdfl/cp_par: format=csf,niter=50,A=0.051278,B=0.084687,C=0.000000,lambda=10856532992.000000,order=4,rank=10,nprocs=1,nruns=5,exec-time=27.515415,insp-time=0.052897,size=28117548
free(): corrupted unsorted chunks
/home/edavis/Work/PolyhedralDataflowIR/scripts/cp_run.sh: line 63: 10160 Aborted                 (core dumped) /home/edavis/Work/pdfl/cp_par $TNS_PATH/uber.tns $NRUNS hicoo 50 10 256
